c:\users\edawg\desktop\school\dmacc\c++ project folder\textbasedgame\debug\textbasedgame.pch
c:\users\edawg\desktop\school\dmacc\c++ project folder\textbasedgame\debug\vc141.pdb
c:\users\edawg\desktop\school\dmacc\c++ project folder\textbasedgame\debug\vc141.idb
c:\users\edawg\desktop\school\dmacc\c++ project folder\textbasedgame\debug\stdafx.obj
c:\users\edawg\desktop\school\dmacc\c++ project folder\textbasedgame\debug\textbasedgame.exe
c:\users\edawg\desktop\school\dmacc\c++ project folder\textbasedgame\debug\textbasedgame.ilk
c:\users\edawg\desktop\school\dmacc\c++ project folder\textbasedgame\debug\textbasedgame.pdb
d:\github\textbasedgame\debug\stdafx.obj
d:\github\textbasedgame\debug\textbasedgame.ilk
d:\github\textbasedgame\debug\textbasedgame.pch
d:\github\textbasedgame\debug\vc141.idb
d:\github\textbasedgame\debug\textbasedgame.pdb
d:\github\textbasedgame\debug\vc141.pdb
d:\github\textbasedgame\debug\textbasedgame.exe
d:\github\textbasedgame\debug\textbasedgame.tlog\cl.command.1.tlog
d:\github\textbasedgame\debug\textbasedgame.tlog\cl.read.1.tlog
d:\github\textbasedgame\debug\textbasedgame.tlog\cl.write.1.tlog
d:\github\textbasedgame\debug\textbasedgame.tlog\link.command.1.tlog
d:\github\textbasedgame\debug\textbasedgame.tlog\link.read.1.tlog
d:\github\textbasedgame\debug\textbasedgame.tlog\link.write.1.tlog
